  main.c
C:\Users\hoya0\Desktop\Pikuma\Raycasting Programming with C\Raycasting_C\Raycasting_C\main.c(102,30): warning C4305: '=': 'double'에서 'float'(으)로 잘립니다.
C:\Users\hoya0\Desktop\Pikuma\Raycasting Programming with C\Raycasting_C\Raycasting_C\main.c(104,39): warning C4305: '=': 'double'에서 'float'(으)로 잘립니다.
C:\Users\hoya0\Desktop\Pikuma\Raycasting Programming with C\Raycasting_C\Raycasting_C\main.c(126,1): warning C4244: '초기화 중': 'double'에서 'int'(으)로 변환하면서 데이터가 손실될 수 있습니다.
C:\Users\hoya0\Desktop\Pikuma\Raycasting Programming with C\Raycasting_C\Raycasting_C\main.c(127,1): warning C4244: '초기화 중': 'double'에서 'int'(으)로 변환하면서 데이터가 손실될 수 있습니다.
C:\Users\hoya0\Desktop\Pikuma\Raycasting Programming with C\Raycasting_C\Raycasting_C\main.c(135,1): warning C4244: '초기화 중': 'double'에서 'float'(으)로 변환하면서 데이터가 손실될 수 있습니다.
C:\Users\hoya0\Desktop\Pikuma\Raycasting Programming with C\Raycasting_C\Raycasting_C\main.c(136,1): warning C4244: '초기화 중': 'double'에서 'float'(으)로 변환하면서 데이터가 손실될 수 있습니다.
C:\Users\hoya0\Desktop\Pikuma\Raycasting Programming with C\Raycasting_C\Raycasting_C\main.c(156,40): warning C4244: '함수': 'double'에서 'int'(으)로 변환하면서 데이터가 손실될 수 있습니다.
C:\Users\hoya0\Desktop\Pikuma\Raycasting Programming with C\Raycasting_C\Raycasting_C\main.c(157,40): warning C4244: '함수': 'double'에서 'int'(으)로 변환하면서 데이터가 손실될 수 있습니다.
C:\Users\hoya0\Desktop\Pikuma\Raycasting Programming with C\Raycasting_C\Raycasting_C\main.c(158,73): warning C4244: '함수': 'double'에서 'int'(으)로 변환하면서 데이터가 손실될 수 있습니다.
C:\Users\hoya0\Desktop\Pikuma\Raycasting Programming with C\Raycasting_C\Raycasting_C\main.c(160,5): warning C4244: '함수': 'double'에서 'int'(으)로 변환하면서 데이터가 손실될 수 있습니다.
C:\Users\hoya0\Desktop\Pikuma\Raycasting Programming with C\Raycasting_C\Raycasting_C\main.c(146,1): warning C4244: '초기화 중': 'double'에서 'int'(으)로 변환하면서 데이터가 손실될 수 있습니다.
C:\Users\hoya0\Desktop\Pikuma\Raycasting Programming with C\Raycasting_C\Raycasting_C\main.c(164,37): warning C4244: '=': 'double'에서 'float'(으)로 변환하면서 데이터가 손실될 수 있습니다.
C:\Users\hoya0\Desktop\Pikuma\Raycasting Programming with C\Raycasting_C\Raycasting_C\main.c(166,31): warning C4244: '=': 'double'에서 'float'(으)로 변환하면서 데이터가 손실될 수 있습니다.
C:\Users\hoya0\Desktop\Pikuma\Raycasting Programming with C\Raycasting_C\Raycasting_C\main.c(172,63): warning C4244: 'return': 'double'에서 'float'(으)로 변환하면서 데이터가 손실될 수 있습니다.
C:\Users\hoya0\Desktop\Pikuma\Raycasting Programming with C\Raycasting_C\Raycasting_C\main.c(196,57): warning C4244: '=': 'double'에서 'float'(으)로 변환하면서 데이터가 손실될 수 있습니다.
C:\Users\hoya0\Desktop\Pikuma\Raycasting Programming with C\Raycasting_C\Raycasting_C\main.c(200,68): warning C4244: '=': 'double'에서 'float'(으)로 변환하면서 데이터가 손실될 수 있습니다.
C:\Users\hoya0\Desktop\Pikuma\Raycasting Programming with C\Raycasting_C\Raycasting_C\main.c(206,38): warning C4244: '=': 'double'에서 'float'(으)로 변환하면서 데이터가 손실될 수 있습니다.
C:\Users\hoya0\Desktop\Pikuma\Raycasting Programming with C\Raycasting_C\Raycasting_C\main.c(241,57): warning C4244: '=': 'double'에서 'float'(으)로 변환하면서 데이터가 손실될 수 있습니다.
C:\Users\hoya0\Desktop\Pikuma\Raycasting Programming with C\Raycasting_C\Raycasting_C\main.c(245,68): warning C4244: '=': 'double'에서 'float'(으)로 변환하면서 데이터가 손실될 수 있습니다.
C:\Users\hoya0\Desktop\Pikuma\Raycasting Programming with C\Raycasting_C\Raycasting_C\main.c(251,38): warning C4244: '=': 'double'에서 'float'(으)로 변환하면서 데이터가 손실될 수 있습니다.
C:\Users\hoya0\Desktop\Pikuma\Raycasting Programming with C\Raycasting_C\Raycasting_C\main.c(308,1): warning C4244: '초기화 중': 'double'에서 'float'(으)로 변환하면서 데이터가 손실될 수 있습니다.
C:\Users\hoya0\Desktop\Pikuma\Raycasting Programming with C\Raycasting_C\Raycasting_C\main.c(321,1): warning C4244: '초기화 중': 'double'에서 'int'(으)로 변환하면서 데이터가 손실될 수 있습니다.
C:\Users\hoya0\Desktop\Pikuma\Raycasting Programming with C\Raycasting_C\Raycasting_C\main.c(337,44): warning C4244: '함수': 'double'에서 'int'(으)로 변환하면서 데이터가 손실될 수 있습니다.
C:\Users\hoya0\Desktop\Pikuma\Raycasting Programming with C\Raycasting_C\Raycasting_C\main.c(338,44): warning C4244: '함수': 'double'에서 'int'(으)로 변환하면서 데이터가 손실될 수 있습니다.
C:\Users\hoya0\Desktop\Pikuma\Raycasting Programming with C\Raycasting_C\Raycasting_C\main.c(339,52): warning C4244: '함수': 'double'에서 'int'(으)로 변환하면서 데이터가 손실될 수 있습니다.
C:\Users\hoya0\Desktop\Pikuma\Raycasting Programming with C\Raycasting_C\Raycasting_C\main.c(341,9): warning C4244: '함수': 'double'에서 'int'(으)로 변환하면서 데이터가 손실될 수 있습니다.
C:\Users\hoya0\Desktop\Pikuma\Raycasting Programming with C\Raycasting_C\Raycasting_C\main.c(394,1): warning C4244: '초기화 중': 'double'에서 'float'(으)로 변환하면서 데이터가 손실될 수 있습니다.
C:\Users\hoya0\Desktop\Pikuma\Raycasting Programming with C\Raycasting_C\Raycasting_C\main.c(395,1): warning C4244: '초기화 중': 'double'에서 'float'(으)로 변환하면서 데이터가 손실될 수 있습니다.
C:\Users\hoya0\Desktop\Pikuma\Raycasting Programming with C\Raycasting_C\Raycasting_C\main.c(426,1): warning C4244: '초기화 중': 'float'에서 'int'(으)로 변환하면서 데이터가 손실될 수 있습니다.
C:\Users\hoya0\Desktop\Pikuma\Raycasting Programming with C\Raycasting_C\Raycasting_C\main.c(471,12): warning C4026: 정식 매개 변수 목록을 사용하여 함수를 선언했습니다.
  textures.c
  코드를 생성하고 있습니다...
  Raycasting_C.vcxproj -> C:\Users\hoya0\Desktop\Pikuma\Raycasting Programming with C\Raycasting_C\Debug\Raycasting_C.exe
